0 info it worked if it ends with ok
1 verbose cli [ 'C:\\Users\\Neville\\Documents\\Nodejs\\node.exe',
1 verbose cli   'C:\\Users\\Neville\\AppData\\Roaming\\npm\\node_modules\\npm\\bin\\npm-cli.js',
1 verbose cli   'start' ]
2 info using npm@3.10.9
3 info using node@v6.9.1
4 verbose run-script [ 'prestart', 'start', 'poststart' ]
5 info lifecycle tool-pro-engineering@0.0.1~prestart: tool-pro-engineering@0.0.1
6 silly lifecycle tool-pro-engineering@0.0.1~prestart: no script for prestart, continuing
7 info lifecycle tool-pro-engineering@0.0.1~start: tool-pro-engineering@0.0.1
8 verbose lifecycle tool-pro-engineering@0.0.1~start: unsafe-perm in lifecycle true
9 verbose lifecycle tool-pro-engineering@0.0.1~start: PATH: C:\Users\Neville\AppData\Roaming\npm\node_modules\npm\bin\node-gyp-bin;C:\Users\Neville\Documents\Ashlie Project\Tool Pro Engineering\node_modules\.bin;C:\Program Files (x86)\NVIDIA Corporation\PhysX\Common;C:\ProgramData\Oracle\Java\javapath;C:\Program Files (x86)\Intel\iCLS Client\;C:\Program Files\Intel\iCLS Client\;C:\WINDOWS\system32;C:\WINDOWS;C:\WINDOWS\System32\Wbem;C:\WINDOWS\System32\WindowsPowerShell\v1.0\;C:\Program Files (x86)\Intel\Intel(R) Management Engine Components\DAL;C:\Program Files\Intel\Intel(R) Management Engine Components\DAL;C:\Program Files (x86)\Intel\Intel(R) Management Engine Components\IPT;C:\Program Files\Intel\Intel(R) Management Engine Components\IPT;C:\Program Files (x86)\Windows Kits\8.1\Windows Performance Toolkit\;C:\Program Files\Microsoft SQL Server\Client SDK\ODBC\110\Tools\Binn\;C:\WINDOWS\system32\config\systemprofile\.dnx\bin;C:\Program Files\Microsoft DNX\Dnvm\;C:\ProgramData\apache-ant-compress-1.4;C:\Program Files\MongoDB\Server\3.2\bin;C:\Users\Neville\Documents\Nodejs\;C:\xampp\php;C:\Program Files (x86)\Microsoft SQL Server\Client SDK\ODBC\130\Tools\Binn\;C:\Program Files (x86)\Microsoft SQL Server\140\Tools\Binn\;C:\Program Files (x86)\Microsoft SQL Server\140\DTS\Binn\;C:\Program Files (x86)\Microsoft SQL Server\140\Tools\Binn\ManagementStudio\;C:\Program Files\Microsoft SQL Server\Client SDK\ODBC\130\Tools\Binn\;C:\Program Files (x86)\Microsoft SQL Server\130\Tools\Binn\;C:\Program Files\Microsoft SQL Server\130\Tools\Binn\;C:\Program Files\Microsoft SQL Server\130\DTS\Binn\;C:\Program Files\Intel\WiFi\bin\;C:\Program Files\Common Files\Intel\WirelessCommon\;C:\Program Files\MySQL\MySQL Utilities 1.6\;C:\Program Files\Git\cmd;C:\Ruby24-x64\bin;c:\Python36;C:\Program Files (x86)\Microsoft VS Code\bin;C:\Program Files\Heroku\bin;C:\Program Files (x86)\Nmap
10 verbose lifecycle tool-pro-engineering@0.0.1~start: CWD: C:\Users\Neville\Documents\Ashlie Project\Tool Pro Engineering
11 silly lifecycle tool-pro-engineering@0.0.1~start: Args: [ '/d /s /c', 'node server.js' ]
12 silly lifecycle tool-pro-engineering@0.0.1~start: Returned: code: 3221225786  signal: null
13 info lifecycle tool-pro-engineering@0.0.1~start: Failed to exec start script
14 verbose stack Error: tool-pro-engineering@0.0.1 start: `node server.js`
14 verbose stack Exit status 3221225786
14 verbose stack     at EventEmitter.<anonymous> (C:\Users\Neville\AppData\Roaming\npm\node_modules\npm\lib\utils\lifecycle.js:255:16)
14 verbose stack     at emitTwo (events.js:106:13)
14 verbose stack     at EventEmitter.emit (events.js:191:7)
14 verbose stack     at ChildProcess.<anonymous> (C:\Users\Neville\AppData\Roaming\npm\node_modules\npm\lib\utils\spawn.js:40:14)
14 verbose stack     at emitTwo (events.js:106:13)
14 verbose stack     at ChildProcess.emit (events.js:191:7)
14 verbose stack     at maybeClose (internal/child_process.js:877:16)
14 verbose stack     at Process.ChildProcess._handle.onexit (internal/child_process.js:226:5)
15 verbose pkgid tool-pro-engineering@0.0.1
16 verbose cwd C:\Users\Neville\Documents\Ashlie Project\Tool Pro Engineering
17 error Windows_NT 10.0.14393
18 error argv "C:\\Users\\Neville\\Documents\\Nodejs\\node.exe" "C:\\Users\\Neville\\AppData\\Roaming\\npm\\node_modules\\npm\\bin\\npm-cli.js" "start"
19 error node v6.9.1
20 error npm  v3.10.9
21 error code ELIFECYCLE
22 error tool-pro-engineering@0.0.1 start: `node server.js`
22 error Exit status 3221225786
23 error Failed at the tool-pro-engineering@0.0.1 start script 'node server.js'.
23 error Make sure you have the latest version of node.js and npm installed.
23 error If you do, this is most likely a problem with the tool-pro-engineering package,
23 error not with npm itself.
23 error Tell the author that this fails on your system:
23 error     node server.js
23 error You can get information on how to open an issue for this project with:
23 error     npm bugs tool-pro-engineering
23 error Or if that isn't available, you can get their info via:
23 error     npm owner ls tool-pro-engineering
23 error There is likely additional logging output above.
24 verbose exit [ 1, true ]
